__bswap_32:
__uint64_t:
__bswap_32:
__uint64_t:
__bswap_32:
__uint64_t:
__bswap_32:
__uint64_t:
ask_userauth:
SSH_PACKET_CALLBACK:
SSH_PACKET_CALLBACK:
SSH_PACKET_CALLBACK:
SSH_PACKET_CALLBACK:
auth_status_termination:
wait_auth_status:
ssh_auth_list:
ssh_userauth_list:def(WITH_SSH1);
ssh_userauth_none:def(WITH_SSH1);
ssh_userauth_offer_pubkey:def(WITH_SSH1);
ssh_userauth_pubkey:
ssh_userauth_privatekey_file:
ssh_userauth_agent_pubkey:
ssh_userauth_password:def(WITH_SSH1);
ssh_userauth_autopubkey:
ssh_kbdint:
kbdint_free:
kbdint_clean:
kbdauth_init:
SSH_PACKET_CALLBACK:
kbdauth_send:
ssh_userauth_kbdint:
ssh_userauth_kbdint_getnprompts:
ssh_userauth_kbdint_getname:
ssh_userauth_kbdint_getinstruction:
ssh_userauth_kbdint_getprompt:
ssh_userauth_kbdint_setanswer:
