__bswap_32:
__uint64_t:
__bswap_32:
__uint64_t:
__bswap_32:
__uint64_t:
__bswap_32:
__uint64_t:
buffer_verify:def(DEBUG_BUFFER);
ssh_buffer_struct:def(DEBUG_BUFFER);!def(DEBUG_BUFFER);
ssh_buffer_free:def(DEBUG_BUFFER);!def(DEBUG_BUFFER);
realloc_buffer:def(DEBUG_BUFFER);!def(DEBUG_BUFFER);
buffer_shift:def(DEBUG_BUFFER);!def(DEBUG_BUFFER);
buffer_reinit:def(DEBUG_BUFFER);!def(DEBUG_BUFFER);
buffer_add_data:def(DEBUG_BUFFER);!def(DEBUG_BUFFER);
buffer_add_ssh_string:
buffer_add_u32:
buffer_add_u16:
buffer_add_u64:
buffer_add_u8:
buffer_prepend_data:def(DEBUG_BUFFER);!def(DEBUG_BUFFER);
buffer_add_buffer:
ssh_buffer_get_begin:
buffer_get_rest:
uint32_t:
uint32_t:def(DEBUG_BUFFER);!def(DEBUG_BUFFER);
uint32_t:def(DEBUG_BUFFER);!def(DEBUG_BUFFER);
uint32_t:def(DEBUG_BUFFER);!def(DEBUG_BUFFER);
uint32_t:
buffer_get_u8:
buffer_get_u32:
buffer_get_u64:
ssh_string_struct:
ssh_string_struct:
