__bswap_32:
__uint64_t:
__bswap_32:
__uint64_t:
__bswap_32:
__uint64_t:
__bswap_32:
__uint64_t:
ssh_channel:
uint32_t:
SSH_PACKET_CALLBACK:
SSH_PACKET_CALLBACK:
channel_open:
ssh_channel:
grow_window:def(WITH_SSH1);
ssh_channel:def(WITH_SSH1);
SSH_PACKET_CALLBACK:
SSH_PACKET_CALLBACK:
SSH_PACKET_CALLBACK:
SSH_PACKET_CALLBACK:
SSH_PACKET_CALLBACK:
channel_default_bufferize:
ssh_channel_open_session:def(WITH_SSH1);
ssh_channel_open_forward:
ssh_channel_free:
ssh_channel_send_eof:
ssh_channel_close:
channel_write_common:def(WITH_SSH1);
uint32_t:
ssh_channel_write:
ssh_channel_is_open:
ssh_channel_is_closed:
ssh_channel_is_eof:
ssh_channel_set_blocking:
SSH_PACKET_CALLBACK:
SSH_PACKET_CALLBACK:
channel_request:
ssh_channel_request_pty_size:def(WITH_SSH1);
ssh_channel_request_pty:
ssh_channel_change_pty_size:def(WITH_SSH1);
ssh_channel_request_shell:def(WITH_SSH1);
ssh_channel_request_subsystem:
ssh_channel_request_sftp:
ssh_string:
ssh_channel_request_x11:
ssh_channel:
ssh_channel:
SSH_PACKET_CALLBACK:
SSH_PACKET_CALLBACK:
global_request:
ssh_forward_listen:
ssh_channel:
ssh_forward_cancel:
ssh_channel_request_env:
ssh_channel_request_exec:def(WITH_SSH1);
ssh_channel_request_send_signal:def(WITH_SSH1);
channel_read_buffer:
ssh_channel_read:
ssh_channel_read_nonblocking:
ssh_channel_poll:
ssh_session:
ssh_channel_get_exit_status:
channel_protocol_select:
count_ptrs:
ssh_channel_select:
