__bswap_32:
__uint64_t:
__bswap_32:
__uint64_t:
__bswap_32:
__uint64_t:
__bswap_32:
__uint64_t:
__bswap_32:def(HAVE_LIBCRYPTO);
__uint64_t:def(HAVE_LIBCRYPTO);
__bswap_32:def(HAVE_LIBCRYPTO);
__uint64_t:def(HAVE_LIBCRYPTO);
__bswap_32:def(HAVE_LIBCRYPTO);
__uint64_t:def(HAVE_LIBCRYPTO);
ssh_get_random:def(HAVE_LIBGCRYPT);(def(HAVE_LIBCRYPTO)&!def(HAVE_LIBGCRYPT));
ssh_crypto_init:def(HAVE_LIBGCRYPT);(def(HAVE_LIBCRYPTO)&!def(HAVE_LIBGCRYPT)&(def(HAVE_LIBGCRYPT)|def(HAVE_LIBCRYPTO)));(def(HAVE_LIBCRYPTO)&!def(HAVE_LIBGCRYPT));
ssh_crypto_finalize:def(HAVE_LIBGCRYPT);(def(HAVE_LIBCRYPTO)&!def(HAVE_LIBGCRYPT)&(def(HAVE_LIBGCRYPT)|def(HAVE_LIBCRYPTO)));
ssh_print_bignum:def(HAVE_LIBGCRYPT);(!def(HAVE_LIBGCRYPT)&!def(HAVE_LIBCRYPTO));(def(HAVE_LIBCRYPTO)&!def(HAVE_LIBGCRYPT)&(def(HAVE_LIBGCRYPT)|def(HAVE_LIBCRYPTO)));(def(HAVE_LIBCRYPTO)&!def(HAVE_LIBGCRYPT));(def(HAVE_LIBGCRYPT)|def(HAVE_LIBCRYPTO));
ssh_get_hexa:
ssh_print_hexa:
dh_generate_x:def(HAVE_LIBGCRYPT);(!def(HAVE_LIBGCRYPT)&!def(HAVE_LIBCRYPTO)&def(DEBUG_CRYPTO)&(def(HAVE_LIBGCRYPT)|def(HAVE_LIBCRYPTO)|(!def(HAVE_LIBGCRYPT)&!def(HAVE_LIBCRYPTO)&def(DEBUG_CRYPTO))));(!def(HAVE_LIBGCRYPT)&!def(HAVE_LIBCRYPTO)&def(DEBUG_CRYPTO));(def(HAVE_LIBCRYPTO)&!def(HAVE_LIBGCRYPT)&(def(HAVE_LIBGCRYPT)|def(HAVE_LIBCRYPTO))&(def(HAVE_LIBGCRYPT)|def(HAVE_LIBCRYPTO)|(!def(HAVE_LIBGCRYPT)&!def(HAVE_LIBCRYPTO)&def(DEBUG_CRYPTO))));(def(HAVE_LIBCRYPTO)&!def(HAVE_LIBGCRYPT));(def(DEBUG_CRYPTO)&(def(HAVE_LIBGCRYPT)|def(HAVE_LIBCRYPTO))&(def(HAVE_LIBGCRYPT)|def(HAVE_LIBCRYPTO)|(!def(HAVE_LIBGCRYPT)&!def(HAVE_LIBCRYPTO)&def(DEBUG_CRYPTO))));(def(DEBUG_CRYPTO)&(def(HAVE_LIBGCRYPT)|def(HAVE_LIBCRYPTO)));
dh_generate_y:def(HAVE_LIBGCRYPT);(!def(HAVE_LIBGCRYPT)&!def(HAVE_LIBCRYPTO)&def(DEBUG_CRYPTO)&(def(HAVE_LIBGCRYPT)|def(HAVE_LIBCRYPTO)|(!def(HAVE_LIBGCRYPT)&!def(HAVE_LIBCRYPTO)&def(DEBUG_CRYPTO))));(!def(HAVE_LIBGCRYPT)&!def(HAVE_LIBCRYPTO)&def(DEBUG_CRYPTO));(def(HAVE_LIBCRYPTO)&!def(HAVE_LIBGCRYPT)&(def(HAVE_LIBGCRYPT)|def(HAVE_LIBCRYPTO))&(def(HAVE_LIBGCRYPT)|def(HAVE_LIBCRYPTO)|(!def(HAVE_LIBGCRYPT)&!def(HAVE_LIBCRYPTO)&def(DEBUG_CRYPTO))));(def(HAVE_LIBCRYPTO)&!def(HAVE_LIBGCRYPT));(def(DEBUG_CRYPTO)&(def(HAVE_LIBGCRYPT)|def(HAVE_LIBCRYPTO))&(def(HAVE_LIBGCRYPT)|def(HAVE_LIBCRYPTO)|(!def(HAVE_LIBGCRYPT)&!def(HAVE_LIBCRYPTO)&def(DEBUG_CRYPTO))));(def(DEBUG_CRYPTO)&(def(HAVE_LIBGCRYPT)|def(HAVE_LIBCRYPTO)));
dh_generate_e:def(HAVE_LIBCRYPTO);def(HAVE_LIBGCRYPT);(!def(HAVE_LIBGCRYPT)&!def(HAVE_LIBCRYPTO)&def(DEBUG_CRYPTO)&(def(HAVE_LIBGCRYPT)|def(HAVE_LIBCRYPTO)|(!def(HAVE_LIBGCRYPT)&!def(HAVE_LIBCRYPTO)&def(DEBUG_CRYPTO))));(!def(HAVE_LIBGCRYPT)&!def(HAVE_LIBCRYPTO)&def(DEBUG_CRYPTO));(def(HAVE_LIBCRYPTO)&!def(HAVE_LIBGCRYPT)&(def(HAVE_LIBGCRYPT)|def(HAVE_LIBCRYPTO))&(def(HAVE_LIBGCRYPT)|def(HAVE_LIBCRYPTO)|(!def(HAVE_LIBGCRYPT)&!def(HAVE_LIBCRYPTO)&def(DEBUG_CRYPTO))));(def(HAVE_LIBCRYPTO)&!def(HAVE_LIBGCRYPT));(def(DEBUG_CRYPTO)&(def(HAVE_LIBGCRYPT)|def(HAVE_LIBCRYPTO))&(def(HAVE_LIBGCRYPT)|def(HAVE_LIBCRYPTO)|(!def(HAVE_LIBGCRYPT)&!def(HAVE_LIBCRYPTO)&def(DEBUG_CRYPTO))));(def(DEBUG_CRYPTO)&(def(HAVE_LIBGCRYPT)|def(HAVE_LIBCRYPTO)));
dh_generate_f:def(HAVE_LIBCRYPTO);def(HAVE_LIBGCRYPT);(!def(HAVE_LIBGCRYPT)&!def(HAVE_LIBCRYPTO)&def(DEBUG_CRYPTO)&(def(HAVE_LIBGCRYPT)|def(HAVE_LIBCRYPTO)|(!def(HAVE_LIBGCRYPT)&!def(HAVE_LIBCRYPTO)&def(DEBUG_CRYPTO))));(!def(HAVE_LIBGCRYPT)&!def(HAVE_LIBCRYPTO)&def(DEBUG_CRYPTO));(def(HAVE_LIBCRYPTO)&!def(HAVE_LIBGCRYPT)&(def(HAVE_LIBGCRYPT)|def(HAVE_LIBCRYPTO))&(def(HAVE_LIBGCRYPT)|def(HAVE_LIBCRYPTO)|(!def(HAVE_LIBGCRYPT)&!def(HAVE_LIBCRYPTO)&def(DEBUG_CRYPTO))));(def(HAVE_LIBCRYPTO)&!def(HAVE_LIBGCRYPT));(def(DEBUG_CRYPTO)&(def(HAVE_LIBGCRYPT)|def(HAVE_LIBCRYPTO))&(def(HAVE_LIBGCRYPT)|def(HAVE_LIBCRYPTO)|(!def(HAVE_LIBGCRYPT)&!def(HAVE_LIBCRYPTO)&def(DEBUG_CRYPTO))));(def(DEBUG_CRYPTO)&(def(HAVE_LIBGCRYPT)|def(HAVE_LIBCRYPTO)));
ssh_string:def(DEBUG_CRYPTO);def(HAVE_LIBGCRYPT);
bignum:def(DEBUG_CRYPTO);def(HAVE_LIBGCRYPT);(def(HAVE_LIBCRYPTO)&!def(HAVE_LIBGCRYPT)&(def(HAVE_LIBGCRYPT)|def(HAVE_LIBCRYPTO)));(def(HAVE_LIBCRYPTO)&!def(HAVE_LIBGCRYPT));
ssh_string:
ssh_string:
dh_import_pubkey:
dh_import_f:def(DEBUG_CRYPTO);
dh_import_e:def(DEBUG_CRYPTO);
dh_build_k:def(HAVE_LIBCRYPTO);def(HAVE_LIBGCRYPT);(!def(HAVE_LIBGCRYPT)&!def(HAVE_LIBCRYPTO)&def(DEBUG_CRYPTO)&(def(HAVE_LIBGCRYPT)|def(HAVE_LIBCRYPTO)|(!def(HAVE_LIBGCRYPT)&!def(HAVE_LIBCRYPTO)&def(DEBUG_CRYPTO))));(!def(HAVE_LIBGCRYPT)&!def(HAVE_LIBCRYPTO)&def(DEBUG_CRYPTO));(def(HAVE_LIBCRYPTO)&!def(HAVE_LIBGCRYPT)&(def(HAVE_LIBGCRYPT)|def(HAVE_LIBCRYPTO))&(def(HAVE_LIBGCRYPT)|def(HAVE_LIBCRYPTO)|(!def(HAVE_LIBGCRYPT)&!def(HAVE_LIBCRYPTO)&def(DEBUG_CRYPTO))));(def(HAVE_LIBCRYPTO)&!def(HAVE_LIBGCRYPT));(def(DEBUG_CRYPTO)&(def(HAVE_LIBGCRYPT)|def(HAVE_LIBCRYPTO))&(def(HAVE_LIBGCRYPT)|def(HAVE_LIBCRYPTO)|(!def(HAVE_LIBGCRYPT)&!def(HAVE_LIBCRYPTO)&def(DEBUG_CRYPTO))));(def(DEBUG_CRYPTO)&(def(HAVE_LIBGCRYPT)|def(HAVE_LIBCRYPTO)));(def(DEBUG_CRYPTO)&(def(HAVE_LIBGCRYPT)|def(HAVE_LIBCRYPTO)|(!def(HAVE_LIBGCRYPT)&!def(HAVE_LIBCRYPTO)&def(DEBUG_CRYPTO))));
make_sessionid:def(DEBUG_CRYPTO);
hashbufout_add_cookie:
hashbufin_add_cookie:
generate_one_key:
generate_session_keys:def(DEBUG_CRYPTO);
ssh_get_pubkey_hash:
ssh_clean_pubkey_hash:
ssh_string:
match:
sig_verify:def(HAVE_LIBGCRYPT);(def(HAVE_LIBCRYPTO)&!def(HAVE_LIBGCRYPT));(!def(HAVE_LIBGCRYPT)&!def(HAVE_LIBCRYPTO));(def(HAVE_LIBGCRYPT)|def(HAVE_LIBCRYPTO));def(DEBUG_CRYPTO);(def(HAVE_LIBCRYPTO)&!def(HAVE_LIBGCRYPT)&(def(HAVE_LIBGCRYPT)|def(HAVE_LIBCRYPTO)));
signature_verify:
