__bswap_32:
__uint64_t:
__bswap_32:
__uint64_t:
__bswap_32:
__uint64_t:
tokenize:
space_tokenize:
ssh_find_matching:
SSH_PACKET_CALLBACK:
ssh_list_kex:def(DEBUG_CRYPTO);
set_kex:
ssh_send_kex:
verify_existing_algo:
ssh_string:def(WITH_SSH1);
build_session_id1:def(WITH_SSH1);(def(DEBUG_CRYPTO)&def(WITH_SSH1));
modulus_smaller:def(WITH_SSH1);(def(HAVE_LIBGCRYPT)&def(WITH_SSH1));(def(WITH_SSH1)&((def(HAVE_LIBGCRYPT)&def(WITH_SSH1))|(def(HAVE_LIBCRYPTO)&!def(HAVE_LIBGCRYPT)&def(WITH_SSH1)))&def(HAVE_LIBGCRYPT));(def(WITH_SSH1)&!def(HAVE_LIBGCRYPT)&(!def(HAVE_LIBCRYPTO)|def(HAVE_LIBGCRYPT)|!def(WITH_SSH1))&(!def(HAVE_LIBGCRYPT)|!def(WITH_SSH1)));(def(WITH_SSH1)&!def(HAVE_LIBGCRYPT)&(!def(HAVE_LIBCRYPTO)|def(HAVE_LIBGCRYPT)|!def(WITH_SSH1)));(!def(HAVE_LIBGCRYPT)&def(HAVE_LIBCRYPTO)&((def(HAVE_LIBGCRYPT)&def(WITH_SSH1))|(def(HAVE_LIBCRYPTO)&!def(HAVE_LIBGCRYPT)&def(WITH_SSH1)))&(!def(HAVE_LIBGCRYPT)|!def(WITH_SSH1))&def(WITH_SSH1));(def(WITH_SSH1)&((def(HAVE_LIBGCRYPT)&def(WITH_SSH1))|(def(HAVE_LIBCRYPTO)&!def(HAVE_LIBGCRYPT)&def(WITH_SSH1))));
ssh_string:def(WITH_SSH1);(def(DEBUG_CRYPTO)&def(WITH_SSH1));
SSH_PACKET_CALLBACK:def(WITH_SSH1);
ssh_get_kex1:def(WITH_SSH1);
