__bswap_32:
__uint64_t:
__bswap_32:def(HAVE_LIBCRYPTO);
__uint64_t:def(HAVE_LIBCRYPTO);
__bswap_32:def(HAVE_LIBCRYPTO);
__uint64_t:def(HAVE_LIBCRYPTO);
__bswap_32:
__uint64_t:
ssh_type_to_char:
ssh_type_from_name:
ssh_public_key:def(HAVE_LIBGCRYPT);(!def(HAVE_LIBGCRYPT)&!def(HAVE_LIBCRYPTO)&!def(DEBUG_CRYPTO)&(def(HAVE_LIBGCRYPT)|def(HAVE_LIBCRYPTO)|!def(DEBUG_CRYPTO)));(!def(HAVE_LIBGCRYPT)&!def(HAVE_LIBCRYPTO)&!def(DEBUG_CRYPTO));(!def(HAVE_LIBGCRYPT)&!def(HAVE_LIBCRYPTO)&def(DEBUG_CRYPTO)&(def(HAVE_LIBGCRYPT)|def(HAVE_LIBCRYPTO)|(!def(HAVE_LIBGCRYPT)&!def(HAVE_LIBCRYPTO)&def(DEBUG_CRYPTO))));(!def(HAVE_LIBGCRYPT)&!def(HAVE_LIBCRYPTO)&def(DEBUG_CRYPTO));(def(HAVE_LIBCRYPTO)&!def(HAVE_LIBGCRYPT)&(def(HAVE_LIBGCRYPT)|def(HAVE_LIBCRYPTO))&(def(HAVE_LIBGCRYPT)|def(HAVE_LIBCRYPTO)|(!def(HAVE_LIBGCRYPT)&!def(HAVE_LIBCRYPTO)&def(DEBUG_CRYPTO))));(def(HAVE_LIBCRYPTO)&!def(HAVE_LIBGCRYPT));(def(DEBUG_CRYPTO)&(def(HAVE_LIBGCRYPT)|def(HAVE_LIBCRYPTO))&(def(HAVE_LIBGCRYPT)|def(HAVE_LIBCRYPTO)|(!def(HAVE_LIBGCRYPT)&!def(HAVE_LIBCRYPTO)&def(DEBUG_CRYPTO))));(def(DEBUG_CRYPTO)&(def(HAVE_LIBGCRYPT)|def(HAVE_LIBCRYPTO)));(def(DEBUG_CRYPTO)&(def(HAVE_LIBGCRYPT)|def(HAVE_LIBCRYPTO)|(!def(HAVE_LIBGCRYPT)&!def(HAVE_LIBCRYPTO)&def(DEBUG_CRYPTO))));(def(HAVE_LIBGCRYPT)|def(HAVE_LIBCRYPTO)|(!def(HAVE_LIBGCRYPT)&!def(HAVE_LIBCRYPTO)&def(DEBUG_CRYPTO)));
ssh_public_key:def(HAVE_LIBGCRYPT);def(DEBUG_CRYPTO);
publickey_free:def(HAVE_LIBGCRYPT);!def(HAVE_LIBGCRYPT);(def(HAVE_LIBGCRYPT)|def(HAVE_LIBCRYPTO));(def(HAVE_LIBCRYPTO)&!def(HAVE_LIBGCRYPT));(!def(HAVE_LIBGCRYPT)&!def(HAVE_LIBCRYPTO));
ssh_public_key:
ssh_public_key:def(HAVE_LIBGCRYPT);(!def(HAVE_LIBGCRYPT)&!def(HAVE_LIBCRYPTO));(def(HAVE_LIBCRYPTO)&!def(HAVE_LIBGCRYPT)&(def(HAVE_LIBGCRYPT)|def(HAVE_LIBCRYPTO)));(def(HAVE_LIBCRYPTO)&!def(HAVE_LIBGCRYPT));(def(HAVE_LIBGCRYPT)|def(HAVE_LIBCRYPTO));
dsa_public_to_string:def(HAVE_LIBGCRYPT);(!def(HAVE_LIBGCRYPT)&!def(HAVE_LIBCRYPTO));(def(HAVE_LIBCRYPTO)&!def(HAVE_LIBGCRYPT)&(def(HAVE_LIBGCRYPT)|def(HAVE_LIBCRYPTO)));(def(HAVE_LIBCRYPTO)&!def(HAVE_LIBGCRYPT));(def(HAVE_LIBGCRYPT)|def(HAVE_LIBCRYPTO));
rsa_public_to_string:def(HAVE_LIBGCRYPT);(!def(HAVE_LIBGCRYPT)&!def(HAVE_LIBCRYPTO));(def(HAVE_LIBCRYPTO)&!def(HAVE_LIBGCRYPT)&(def(HAVE_LIBGCRYPT)|def(HAVE_LIBCRYPTO)));(def(HAVE_LIBCRYPTO)&!def(HAVE_LIBGCRYPT));(def(HAVE_LIBGCRYPT)|def(HAVE_LIBCRYPTO));
ssh_string:
ssh_string:def(HAVE_LIBGCRYPT);(def(HAVE_LIBCRYPTO)&!def(HAVE_LIBGCRYPT)&(def(HAVE_LIBGCRYPT)|def(HAVE_LIBCRYPTO)));(def(HAVE_LIBCRYPTO)&!def(HAVE_LIBGCRYPT));(!def(HAVE_LIBGCRYPT)&!def(HAVE_LIBCRYPTO));(def(HAVE_LIBGCRYPT)|def(HAVE_LIBCRYPTO));
SIGNATURE:def(HAVE_LIBGCRYPT);(!def(HAVE_LIBGCRYPT)&!def(HAVE_LIBCRYPTO));(def(HAVE_LIBCRYPTO)&!def(HAVE_LIBGCRYPT)&(def(HAVE_LIBGCRYPT)|def(HAVE_LIBCRYPTO)));(def(HAVE_LIBCRYPTO)&!def(HAVE_LIBGCRYPT));(def(HAVE_LIBGCRYPT)|def(HAVE_LIBCRYPTO));(!def(HAVE_LIBGCRYPT)&!def(HAVE_LIBCRYPTO)&!def(DEBUG_CRYPTO)&(def(HAVE_LIBGCRYPT)|def(HAVE_LIBCRYPTO)|!def(DEBUG_CRYPTO)));(!def(HAVE_LIBGCRYPT)&!def(HAVE_LIBCRYPTO)&!def(DEBUG_CRYPTO));(!def(HAVE_LIBGCRYPT)&!def(HAVE_LIBCRYPTO)&def(DEBUG_CRYPTO)&(def(HAVE_LIBGCRYPT)|def(HAVE_LIBCRYPTO)|(!def(HAVE_LIBGCRYPT)&!def(HAVE_LIBCRYPTO)&def(DEBUG_CRYPTO))));(!def(HAVE_LIBGCRYPT)&!def(HAVE_LIBCRYPTO)&def(DEBUG_CRYPTO));(def(HAVE_LIBCRYPTO)&!def(HAVE_LIBGCRYPT)&(def(HAVE_LIBGCRYPT)|def(HAVE_LIBCRYPTO))&(def(HAVE_LIBGCRYPT)|def(HAVE_LIBCRYPTO)|(!def(HAVE_LIBGCRYPT)&!def(HAVE_LIBCRYPTO)&def(DEBUG_CRYPTO))));(def(DEBUG_CRYPTO)&(def(HAVE_LIBGCRYPT)|def(HAVE_LIBCRYPTO))&(def(HAVE_LIBGCRYPT)|def(HAVE_LIBCRYPTO)|(!def(HAVE_LIBGCRYPT)&!def(HAVE_LIBCRYPTO)&def(DEBUG_CRYPTO))));(def(DEBUG_CRYPTO)&(def(HAVE_LIBGCRYPT)|def(HAVE_LIBCRYPTO)));(def(DEBUG_CRYPTO)&(def(HAVE_LIBGCRYPT)|def(HAVE_LIBCRYPTO)|(!def(HAVE_LIBGCRYPT)&!def(HAVE_LIBCRYPTO)&def(DEBUG_CRYPTO))));(def(HAVE_LIBGCRYPT)|def(HAVE_LIBCRYPTO)|(!def(HAVE_LIBGCRYPT)&!def(HAVE_LIBCRYPTO)&def(DEBUG_CRYPTO)));
signature_free:(def(HAVE_LIBGCRYPT)|def(HAVE_LIBCRYPTO));def(HAVE_LIBGCRYPT);(def(HAVE_LIBCRYPTO)&!def(HAVE_LIBGCRYPT));(!def(HAVE_LIBGCRYPT)&!def(HAVE_LIBCRYPTO));
ssh_string:def(HAVE_LIBCRYPTO);
ssh_string:
ssh_buffer:
ssh_string:def(HAVE_LIBGCRYPT);def(DEBUG_CRYPTO);(!def(HAVE_LIBGCRYPT)&!def(HAVE_LIBCRYPTO));(def(HAVE_LIBCRYPTO)&!def(HAVE_LIBGCRYPT)&(def(HAVE_LIBGCRYPT)|def(HAVE_LIBCRYPTO)));(def(HAVE_LIBCRYPTO)&!def(HAVE_LIBGCRYPT));(def(HAVE_LIBCRYPTO)&!def(HAVE_LIBGCRYPT)&def(DEBUG_CRYPTO)&(def(HAVE_LIBGCRYPT)|def(HAVE_LIBCRYPTO)));(def(HAVE_LIBCRYPTO)&!def(HAVE_LIBGCRYPT)&def(DEBUG_CRYPTO));(def(HAVE_LIBGCRYPT)|def(HAVE_LIBCRYPTO));
ssh_string:def(HAVE_LIBGCRYPT);(def(HAVE_LIBCRYPTO)&!def(HAVE_LIBGCRYPT)&(def(HAVE_LIBGCRYPT)|def(HAVE_LIBCRYPTO)));(def(HAVE_LIBCRYPTO)&!def(HAVE_LIBGCRYPT));
ssh_string:def(HAVE_LIBGCRYPT);def(DEBUG_CRYPTO);(!def(HAVE_LIBGCRYPT)&!def(HAVE_LIBCRYPTO));(def(HAVE_LIBCRYPTO)&!def(HAVE_LIBGCRYPT)&(def(HAVE_LIBGCRYPT)|def(HAVE_LIBCRYPTO)));(def(HAVE_LIBCRYPTO)&!def(HAVE_LIBGCRYPT));(def(HAVE_LIBCRYPTO)&!def(HAVE_LIBGCRYPT)&def(DEBUG_CRYPTO)&(def(HAVE_LIBGCRYPT)|def(HAVE_LIBCRYPTO)));(def(HAVE_LIBCRYPTO)&!def(HAVE_LIBGCRYPT)&def(DEBUG_CRYPTO));(def(HAVE_LIBGCRYPT)|def(HAVE_LIBCRYPTO));
