__bswap_32:
__uint64_t:
buffer_free:
buffer_get:
uint32_t:
ssh_buffer:
ssh_channel:
channel_change_pty_size:
ssh_channel:
channel_close:
channel_forward_cancel:
channel_forward_listen:
channel_free:
channel_get_exit_status:
ssh_session:
channel_is_closed:
channel_is_eof:
channel_is_open:
ssh_channel:
channel_open_forward:
channel_open_session:
channel_poll:
channel_read:
channel_read_nonblocking:
channel_request_env:
channel_request_exec:
channel_request_pty:
channel_request_pty_size:
channel_request_shell:
channel_request_send_signal:
channel_request_sftp:
channel_request_subsystem:
channel_request_x11:
channel_send_eof:
channel_select:
channel_set_blocking:
channel_write:
string_burn:
ssh_string:
string_data:
string_fill:
string_free:
ssh_string:
size_t:
ssh_string:
string_to_char:
ssh_accept:def(WITH_SERVER);
channel_write_stderr:def(WITH_SERVER);
ssh_message:def(WITH_SERVER);
