__bswap_32:
__uint64_t:
__bswap_32:
__uint64_t:
__bswap_32:def(HAVE_LIBCRYPTO);
__uint64_t:def(HAVE_LIBCRYPTO);
__bswap_32:def(HAVE_LIBCRYPTO);
__uint64_t:def(HAVE_LIBCRYPTO);
__bswap_32:def(HAVE_LIBCRYPTO);
__uint64_t:def(HAVE_LIBCRYPTO);
__bswap_32:(def(HAVE_OPENSSL_DES_H)&def(HAVE_LIBCRYPTO));
__uint64_t:(def(HAVE_OPENSSL_DES_H)&def(HAVE_LIBCRYPTO));
alloc_key:def(HAVE_LIBCRYPTO);
SHACTX:def(HAVE_LIBCRYPTO);
sha1_update:def(HAVE_LIBCRYPTO);
sha1_final:def(HAVE_LIBCRYPTO);
sha1:def(HAVE_LIBCRYPTO);
MD5CTX:def(HAVE_LIBCRYPTO);
md5_update:def(HAVE_LIBCRYPTO);
md5_final:def(HAVE_LIBCRYPTO);
HMACCTX:def(HAVE_LIBCRYPTO);
hmac_update:def(HAVE_LIBCRYPTO);
hmac_final:def(HAVE_LIBCRYPTO);
blowfish_set_key:(def(HAVE_LIBCRYPTO)&(def(HAS_BLOWFISH)|(def(HAVE_OPENSSL_BLOWFISH_H)&def(HAVE_LIBCRYPTO))));
blowfish_encrypt:(def(HAVE_LIBCRYPTO)&(def(HAS_BLOWFISH)|(def(HAVE_OPENSSL_BLOWFISH_H)&def(HAVE_LIBCRYPTO))));
blowfish_decrypt:(def(HAVE_LIBCRYPTO)&(def(HAS_BLOWFISH)|(def(HAVE_OPENSSL_BLOWFISH_H)&def(HAVE_LIBCRYPTO))));
aes_set_encrypt_key:(def(HAVE_LIBCRYPTO)&(def(HAS_AES)|(def(HAVE_OPENSSL_AES_H)&def(HAVE_LIBCRYPTO))));
aes_set_decrypt_key:(def(HAVE_LIBCRYPTO)&(def(HAS_AES)|(def(HAVE_OPENSSL_AES_H)&def(HAVE_LIBCRYPTO))));
aes_encrypt:(def(HAVE_LIBCRYPTO)&(def(HAS_AES)|(def(HAVE_OPENSSL_AES_H)&def(HAVE_LIBCRYPTO))));
aes_decrypt:(def(HAVE_LIBCRYPTO)&(def(HAS_AES)|(def(HAVE_OPENSSL_AES_H)&def(HAVE_LIBCRYPTO))));
aes_ctr128_encrypt:(def(HAVE_LIBCRYPTO)&(def(HAS_AES)|(def(HAVE_OPENSSL_AES_H)&def(HAVE_LIBCRYPTO)))&!def(BROKEN_AES_CTR));
des3_set_key:(def(HAVE_LIBCRYPTO)&(def(HAS_DES)|(def(HAVE_OPENSSL_DES_H)&def(HAVE_LIBCRYPTO))));
des3_encrypt:(def(HAVE_LIBCRYPTO)&(def(HAS_DES)|(def(HAVE_OPENSSL_DES_H)&def(HAVE_LIBCRYPTO))));
des3_decrypt:(def(HAVE_LIBCRYPTO)&(def(HAS_DES)|(def(HAVE_OPENSSL_DES_H)&def(HAVE_LIBCRYPTO))));
des3_1_encrypt:(def(HAVE_LIBCRYPTO)&(def(HAS_DES)|(def(HAVE_OPENSSL_DES_H)&def(HAVE_LIBCRYPTO))));(def(HAVE_LIBCRYPTO)&(def(HAS_DES)|(def(HAVE_OPENSSL_DES_H)&def(HAVE_LIBCRYPTO)))&def(DEBUG_CRYPTO));
des3_1_decrypt:(def(HAVE_LIBCRYPTO)&(def(HAS_DES)|(def(HAVE_OPENSSL_DES_H)&def(HAVE_LIBCRYPTO))));(def(HAVE_LIBCRYPTO)&(def(HAS_DES)|(def(HAVE_OPENSSL_DES_H)&def(HAVE_LIBCRYPTO)))&def(DEBUG_CRYPTO));
crypto_struct:def(HAVE_LIBCRYPTO);
