__bswap_32:
__uint64_t:
__bswap_32:
__uint64_t:
__bswap_32:def(HAVE_LIBGCRYPT);
__uint64_t:def(HAVE_LIBGCRYPT);
gpg_error_t:def(HAVE_LIBGCRYPT);
gpg_error_t:def(HAVE_LIBGCRYPT);
gpg_err_code_t:def(HAVE_LIBGCRYPT);
gpg_err_source_t:def(HAVE_LIBGCRYPT);
gpg_error_t:def(HAVE_LIBGCRYPT);
gpg_error_t:def(HAVE_LIBGCRYPT);
gpg_error_t:def(HAVE_LIBGCRYPT);
gcry_error_t:def(HAVE_LIBGCRYPT);
gcry_error_t:def(HAVE_LIBGCRYPT);
gcry_err_code_t:def(HAVE_LIBGCRYPT);
gcry_err_source_t:def(HAVE_LIBGCRYPT);
alloc_key:def(HAVE_LIBGCRYPT);
SHACTX:def(HAVE_LIBGCRYPT);
sha1_update:def(HAVE_LIBGCRYPT);
sha1_final:def(HAVE_LIBGCRYPT);
sha1:def(HAVE_LIBGCRYPT);
MD5CTX:def(HAVE_LIBGCRYPT);
md5_update:def(HAVE_LIBGCRYPT);
md5_final:def(HAVE_LIBGCRYPT);
HMACCTX:def(HAVE_LIBGCRYPT);
hmac_update:def(HAVE_LIBGCRYPT);
hmac_final:def(HAVE_LIBGCRYPT);
blowfish_set_key:def(HAVE_LIBGCRYPT);
blowfish_encrypt:def(HAVE_LIBGCRYPT);
blowfish_decrypt:def(HAVE_LIBGCRYPT);
aes_set_key:def(HAVE_LIBGCRYPT);
aes_encrypt:def(HAVE_LIBGCRYPT);
aes_decrypt:def(HAVE_LIBGCRYPT);
des3_set_key:def(HAVE_LIBGCRYPT);
des3_encrypt:def(HAVE_LIBGCRYPT);
des3_decrypt:def(HAVE_LIBGCRYPT);
des3_1_set_key:def(HAVE_LIBGCRYPT);
des3_1_encrypt:def(HAVE_LIBGCRYPT);
des3_1_decrypt:def(HAVE_LIBGCRYPT);
crypto_struct:def(HAVE_LIBGCRYPT);
