__bswap_32:
__uint64_t:
__bswap_32:
__uint64_t:
__bswap_32:
__uint64_t:
__bswap_32:
__uint64_t:
__bswap_32:
__uint64_t:
__bswap_32:
__uint64_t:
__bswap_32:
__uint64_t:
__bswap_32:
__uint64_t:
ssh_get_user_home_dir:!def(NSS_BUFLEN_PASSWD);def(NSS_BUFLEN_PASSWD);
ssh_file_readaccess_ok:
ssh_get_local_username:!def(NSS_BUFLEN_PASSWD);def(NSS_BUFLEN_PASSWD);
ssh_is_ipaddr_v4:
ssh_is_ipaddr:
uint64_t:!def(HAVE_NTOHLL);(def(WORDS_BIGENDIAN)&!def(HAVE_NTOHLL));(!def(HAVE_NTOHLL)&!def(WORDS_BIGENDIAN)&(!def(WORDS_BIGENDIAN)|def(HAVE_NTOHLL)));(!def(HAVE_NTOHLL)&!def(WORDS_BIGENDIAN));
ssh_lowercase:
ssh_hostport:
ssh_version:def(HAVE_LIBGCRYPT);!def(HAVE_LIBGCRYPT);def(HAVE_LIBCRYPTO);!def(HAVE_LIBCRYPTO);(def(HAVE_LIBZ)&def(WITH_LIBZ));(!def(HAVE_LIBZ)|!def(WITH_LIBZ));
ssh_list:
ssh_list_free:
ssh_iterator:
ssh_iterator:
ssh_iterator:
ssh_list_append:
ssh_list_prepend:
ssh_list_remove:
_ssh_list_pop_head:
ssh_dirname:
ssh_basename:
ssh_mkdir:
ssh_path_expand_tilde:
ssh_path_expand_escape:
ssh_analyze_banner:
ssh_timestamp_init:def(HAVE_CLOCK_GETTIME);(def(_POSIX_MONOTONIC_CLOCK)&def(HAVE_CLOCK_GETTIME));(def(HAVE_CLOCK_GETTIME)&!def(_POSIX_MONOTONIC_CLOCK)&(!def(_POSIX_MONOTONIC_CLOCK)|!def(HAVE_CLOCK_GETTIME)));!def(HAVE_CLOCK_GETTIME);
ssh_timestamp_difference:
ssh_make_milliseconds:
ssh_timeout_elapsed:
ssh_timeout_update:
