__bswap_32:def(WITH_PCAP);
__uint64_t:def(WITH_PCAP);
__bswap_32:def(WITH_PCAP);
__uint64_t:def(WITH_PCAP);
__bswap_32:def(WITH_PCAP);
__uint64_t:def(WITH_PCAP);
ssh_pcap_file:def(WITH_PCAP);
ssh_pcap_file_write:def(WITH_PCAP);
ssh_pcap_file_write_packet:def(WITH_PCAP);
ssh_pcap_file_open:def(WITH_PCAP);
ssh_pcap_file_close:def(WITH_PCAP);
ssh_pcap_file_free:def(WITH_PCAP);
ssh_pcap_context:def(WITH_PCAP);
ssh_pcap_context_free:def(WITH_PCAP);
ssh_pcap_context_set_file:def(WITH_PCAP);
ssh_pcap_context_connect:def(WITH_PCAP);
ssh_pcap_context_write:def(WITH_PCAP);
ssh_set_pcap_file:def(WITH_PCAP);
__bswap_32:!def(WITH_PCAP);
__uint64_t:!def(WITH_PCAP);
ssh_pcap_file_close:!def(WITH_PCAP);
ssh_pcap_file_free:!def(WITH_PCAP);
ssh_pcap_file:!def(WITH_PCAP);
ssh_pcap_file_open:!def(WITH_PCAP);
ssh_set_pcap_file:!def(WITH_PCAP);
