__bswap_32:
__uint64_t:
ssh_poll_init:def(HAVE_POLL);
ssh_poll_cleanup:def(HAVE_POLL);
ssh_poll:def(HAVE_POLL);
__bswap_32:!def(HAVE_POLL);
__uint64_t:!def(HAVE_POLL);
__bswap_32:!def(HAVE_POLL);
__uint64_t:!def(HAVE_POLL);
bsd_poll:!def(HAVE_POLL);
ssh_poll_init:!def(HAVE_POLL);
ssh_poll_cleanup:!def(HAVE_POLL);
ssh_poll:!def(HAVE_POLL);
ssh_poll_handle:
ssh_poll_free:
ssh_poll_ctx:
ssh_poll_get_events:
ssh_poll_set_events:
ssh_poll_set_fd:
ssh_poll_add_events:
ssh_poll_remove_events:
socket_t:
ssh_poll_set_callback:
ssh_poll_ctx:!def(SSH_POLL_CTX_CHUNK);def(SSH_POLL_CTX_CHUNK);
ssh_poll_ctx_free:
ssh_poll_ctx_resize:
ssh_poll_ctx_add:
ssh_poll_ctx_add_socket:
ssh_poll_ctx_remove:
ssh_poll_ctx_dopoll:
ssh_poll_ctx:
