/home/ubuntu-vm/workspace/libssh-0.5.3-temp/tests/unittests/torture_buffer.c:torture_run_tests:32
/home/ubuntu-vm/workspace/libssh-0.5.3-temp/tests/unittests/torture_callbacks.c:torture_run_tests:20
/home/ubuntu-vm/workspace/libssh-0.5.3-temp/tests/unittests/torture_init.c:torture_run_tests:16
/home/ubuntu-vm/workspace/libssh-0.5.3-temp/tests/unittests/torture_isipaddr.c:torture_run_tests:18
/home/ubuntu-vm/workspace/libssh-0.5.3-temp/tests/unittests/torture_keyfiles.c:torture_run_tests:119
/home/ubuntu-vm/workspace/libssh-0.5.3-temp/tests/unittests/torture_list.c:torture_run_tests:23
/home/ubuntu-vm/workspace/libssh-0.5.3-temp/tests/unittests/torture_misc.c:torture_run_tests:101
/home/ubuntu-vm/workspace/libssh-0.5.3-temp/tests/unittests/torture_options.c:torture_run_tests:96
/home/ubuntu-vm/workspace/libssh-0.5.3-temp/tests/unittests/torture_rand.c:torture_run_tests:22
Build a list of TestFiles from CFlow!!!

/home/ubuntu-vm/workspace/libssh-0.5.3-temp/tests/unittests/torture_buffer.c
torture_buffer.c:torture_buffer_prepend:63
threads.c:ssh_threads_init:130
dh.c:ssh_crypto_finalize:154
torture_buffer.c:torture_growing_buffer:23
buffer.c:buffer_get_rest_len:425
torture_buffer.c:setup:9
buffer.c:ssh_buffer_new:83
dh.c:ssh_crypto_init:113
buffer.c:buffer_prepend_data:320
torture_buffer.c:torture_growing_buffer_shifting:41
poll.c:ssh_poll_cleanup:85
init.c:ssh_init:53
buffer.c:ssh_buffer_free:99
buffer.c:buffer_shift:142
threads.c:ssh_threads_finalize:153
buffer.c:buffer_verify:54
socket.c:ssh_socket_cleanup:126
buffer.c:buffer_get_rest:397
torture_buffer.c:teardown:15
socket.c:ssh_socket_init:104
torture_buffer.c:torture_run_tests_1473729903578:87
buffer.c:realloc_buffer:114
buffer.c:buffer_get_u32:529
threads.c:libcrypto_thread_init:95
init.c:ssh_finalize:73
buffer.c:buffer_get_data:493
threads.c:libcrypto_thread_finalize:112
buffer.c:buffer_add_data:188
buffer.c:buffer_get_u8:518
threads.c:libcrypto_lock_callback:85
threads.c:libgcrypt_thread_init:64
poll.c:ssh_poll_init:81

/home/ubuntu-vm/workspace/libssh-0.5.3-temp/tests/unittests/torture_callbacks.c
threads.c:ssh_threads_init:130
socket.c:ssh_socket_init:104
dh.c:ssh_crypto_finalize:154
torture_callbacks.c:teardown:32
torture_callbacks.c:torture_callbacks_size:36
dh.c:ssh_crypto_init:113
threads.c:libcrypto_thread_init:95
init.c:ssh_finalize:73
poll.c:ssh_poll_cleanup:85
threads.c:libcrypto_thread_finalize:112
init.c:ssh_init:53
torture_callbacks.c:torture_run_tests_1473729905614:60
torture_callbacks.c:setup:18
torture_callbacks.c:myauthcallback:7
threads.c:libcrypto_lock_callback:85
threads.c:libgcrypt_thread_init:64
threads.c:ssh_threads_finalize:153
poll.c:ssh_poll_init:81
socket.c:ssh_socket_cleanup:126
torture_callbacks.c:torture_callbacks_exists:42

/home/ubuntu-vm/workspace/libssh-0.5.3-temp/tests/unittests/torture_init.c
threads.c:ssh_threads_init:130
socket.c:ssh_socket_init:104
dh.c:ssh_crypto_finalize:154
dh.c:ssh_crypto_init:113
threads.c:libcrypto_thread_init:95
init.c:ssh_finalize:73
poll.c:ssh_poll_cleanup:85
threads.c:libcrypto_thread_finalize:112
init.c:ssh_init:53
torture_init.c:torture_run_tests_1473729907209:17
threads.c:libcrypto_lock_callback:85
threads.c:libgcrypt_thread_init:64
torture_init.c:torture_ssh_init:6
threads.c:ssh_threads_finalize:153
poll.c:ssh_poll_init:81
socket.c:ssh_socket_cleanup:126

/home/ubuntu-vm/workspace/libssh-0.5.3-temp/tests/unittests/torture_isipaddr.c
threads.c:ssh_threads_init:130
socket.c:ssh_socket_init:104
dh.c:ssh_crypto_finalize:154
dh.c:ssh_crypto_init:113
torture_isipaddr.c:torture_ssh_is_ipaddr:11
threads.c:libcrypto_thread_init:95
init.c:ssh_finalize:73
poll.c:ssh_poll_cleanup:85
threads.c:libcrypto_thread_finalize:112
torture_isipaddr.c:torture_run_tests_1473729908669:45
init.c:ssh_init:53
misc.c:ssh_is_ipaddr:272
threads.c:libcrypto_lock_callback:85
threads.c:libgcrypt_thread_init:64
threads.c:ssh_threads_finalize:153
misc.c:ssh_is_ipaddr_v4:260
poll.c:ssh_poll_init:81
socket.c:ssh_socket_cleanup:126

/home/ubuntu-vm/workspace/libssh-0.5.3-temp/tests/unittests/torture_keyfiles.c
dh.c:ssh_get_hexa:194
channels.c:ssh_channel_send_eof:1038
keyfiles.c:read_dsa_privatekey:540
torture_keyfiles.c:torture_pubkey_from_file:67
buffer.c:buffer_prepend_data:320
misc.c:ssh_list_find:397
keyfiles.c:privatekey_file_to_buffer:356
base64.c:base64_to_bin:59
torture_keyfiles.c:torture_pubkey_generate_from_privkey:111
init.c:ssh_init:53
keyfiles.c:load_iv:86
log.c:ssh_log_common:94
base64.c:get_equals:218
libcrypto.c:hmac_update:139
libcrypto.c:md5_update:103
buffer.c:buffer_add_u32:242
socket.c:ssh_socket_cleanup:126
socket.c:ssh_socket_init:104
misc.c:ssh_list_free:378
session.c:ssh_set_blocking:290
pcap.c:ssh_pcap_context_free:241
torture_keyfiles.c:setup_rsa_key:10
gzip.c:gzip_compress:59
threads.c:libcrypto_thread_init:95
init.c:ssh_finalize:73
string.c:ssh_string_free:235
buffer.c:buffer_get_data:493
keyfiles.c:privatekey_decrypt:253
keyfiles.c:privatekey_dek_header:300
base64.c:_base64_to_bin:204
packet1.c:packet_send1:248
packet.c:ssh_packet_write:435
threads.c:libcrypto_lock_callback:85
packet.c:packet_send2:447
keyfiles.c:privatekey_type_from_file:626
buffer.c:ssh_buffer_new:83
dh.c:ssh_crypto_init:113
crypt.c:packet_encrypt:100
torture_keyfiles.c:torture_run_tests_1473729909899:241
keys.c:ssh_type_to_char:48
channels.c:ssh_channel_close:1082
buffer.c:ssh_buffer_free:99
torture_keyfiles.c:torture_privatekey_from_file:170
session.c:ssh_free:159
authentication.c:error:100
log.c:do_ssh_log:44
keyfiles.c:asn1_get_int:147
buffer.c:buffer_verify:54
string.c:ssh_string_data:222
channels.c:ssh_channel_free:997
keyfiles.c:passphrase_to_key:217
buffer.c:ssh_buffer_get_begin:381
packet.c:packet_send:525
torture_keyfiles.c:torture_privatekey_from_file_passphrase:207
torture_keyfiles.c:setup_both_keys:38
keyfiles.c:pem_get_password:602
buffer.c:buffer_add_u8:299
keyfiles.c:privatekey_from_file:666
socket.c:ssh_socket_new:141
wrapper.c:cipher_free:65
keyfiles.c:asn1_get_len:123
misc.c:ssh_iterator_new:405
libcrypto.c:hmac_final:143
threads.c:ssh_threads_init:130
dh.c:ssh_crypto_finalize:154
crc32.c:ssh_crc32:81
buffer.c:buffer_get_rest_len:425
pcap.c:ssh_pcap_file_write:140
misc.c:ssh_list_append:414
string.c:ssh_string_burn:208
buffer.c:buffer_reinit:161
session.c:ssh_new:55
error.c:ssh_set_error_oom:69
string.c:ssh_string_fill:80
pcap.c:ssh_pcap_context_connect:252
buffer.c:buffer_shift:142
buffer.c:buffer_add_buffer:359
torture_keyfiles.c:torture_read_one_line:91
keyfiles.c:char_to_u32:114
torture_keyfiles.c:setup_dsa_key:24
keys.c:publickey_free:234
torture_keyfiles.c:setup_both_keys_passphrase:44
keyfiles.c:read_line:200
buffer.c:ssh_buffer_get_len:410
threads.c:libcrypto_thread_finalize:112
gzip.c:initcompress:38
buffer.c:buffer_add_data:188
dh.c:ssh_print_hexa:228
gzip.c:compress_buffer:103
dh.c:ssh_get_random:88
keyfiles.c:read_rsa_privatekey:468
pcap.c:ssh_pcap_context_write:302
buffer.c:buffer_add_u16:261
base64.c:to_block4:176
torture_keyfiles.c:teardown:57
misc.c:ssh_list_remove:448
keys.c:publickey_from_privatekey:316
poll.c:ssh_poll_cleanup:85
keyfiles.c:asn1_check_sequence:173
wrapper.c:crypto_free:99
wrapper.c:crypto_new:88
error.c:ssh_set_error:51
misc.c:ssh_list_get_iterator:391
error.c:ssh_get_error:97
threads.c:ssh_threads_finalize:153
buffer.c:buffer_get_rest:397
pcap.c:ssh_pcap_file_write_packet:157
string.c:ssh_string_len:128
misc.c:gettimeofday:128
buffer.c:realloc_buffer:114
libcrypto.c:md5_final:107
string.c:ssh_string_new:53
messages.c:ssh_message_free:222
libcrypto.c:hmac_init:112
misc.c:ssh_list_new:370
log.c:ssh_log:76
libcrypto.c:md5_init:92
threads.c:libgcrypt_thread_init:64
poll.c:ssh_poll_init:81

/home/ubuntu-vm/workspace/libssh-0.5.3-temp/tests/unittests/torture_list.c
torture_list.c:torture_ssh_list_prepend:50
threads.c:ssh_threads_init:130
socket.c:ssh_socket_init:104
dh.c:ssh_crypto_finalize:154
torture_list.c:torture_run_tests_1473729911605:79
misc.c:ssh_list_free:378
torture_list.c:torture_ssh_list_new:7
dh.c:ssh_crypto_init:113
threads.c:libcrypto_thread_init:95
init.c:ssh_finalize:73
poll.c:ssh_poll_cleanup:85
threads.c:libcrypto_thread_finalize:112
misc.c:ssh_list_append:414
init.c:ssh_init:53
misc.c:ssh_list_prepend:429
misc.c:ssh_list_new:370
torture_list.c:torture_ssh_list_append:21
threads.c:libcrypto_lock_callback:85
threads.c:libgcrypt_thread_init:64
threads.c:ssh_threads_finalize:153
poll.c:ssh_poll_init:81
socket.c:ssh_socket_cleanup:126
misc.c:ssh_iterator_new:405

/home/ubuntu-vm/workspace/libssh-0.5.3-temp/tests/unittests/torture_misc.c
dh.c:ssh_get_hexa:194
channels.c:ssh_channel_send_eof:1038
misc.c:ssh_get_local_username:236
misc.c:ssh_path_expand_escape:695
buffer.c:buffer_prepend_data:320
misc.c:ssh_list_find:397
init.c:ssh_init:53
log.c:ssh_log_common:94
libcrypto.c:hmac_update:139
misc.c:ssh_timeout_update:984
buffer.c:buffer_add_u32:242
socket.c:ssh_socket_cleanup:126
socket.c:ssh_socket_init:104
misc.c:ssh_list_free:378
session.c:ssh_set_blocking:290
pcap.c:ssh_pcap_context_free:241
gzip.c:gzip_compress:59
threads.c:libcrypto_thread_init:95
init.c:ssh_finalize:73
torture_misc.c:torture_basename:45
packet1.c:packet_send1:248
packet.c:ssh_packet_write:435
threads.c:libcrypto_lock_callback:85
packet.c:packet_send2:447
torture_misc.c:torture_timeout_elapsed:164
torture_misc.c:torture_path_expand_known_hosts:153
misc.c:ssh_path_expand_tilde:637
buffer.c:ssh_buffer_new:83
dh.c:ssh_crypto_init:113
torture_misc.c:torture_path_expand_tilde_win:96
crypt.c:packet_encrypt:100
channels.c:ssh_channel_close:1082
buffer.c:ssh_buffer_free:99
session.c:ssh_free:159
misc.c:ssh_timestamp_init:895
log.c:do_ssh_log:44
authentication.c:error:100
buffer.c:buffer_verify:54
channels.c:ssh_channel_free:997
buffer.c:ssh_buffer_get_begin:381
packet.c:packet_send:525
torture_misc.c:teardown:24
buffer.c:buffer_add_u8:299
misc.c:ntohll:291
socket.c:ssh_socket_new:141
wrapper.c:cipher_free:65
misc.c:ssh_iterator_new:405
libcrypto.c:hmac_final:143
misc.c:ssh_basename:567
threads.c:ssh_threads_init:130
dh.c:ssh_crypto_finalize:154
crc32.c:ssh_crc32:81
buffer.c:buffer_get_rest_len:425
torture_misc.c:torture_run_tests_1473729913101:188
pcap.c:ssh_pcap_file_write:140
torture_misc.c:torture_get_user_home_dir:28
misc.c:ssh_list_append:414
buffer.c:buffer_reinit:161
session.c:ssh_new:55
error.c:ssh_set_error_oom:69
misc.c:ssh_timeout_elapsed:959
pcap.c:ssh_pcap_context_connect:252
buffer.c:buffer_shift:142
torture_misc.c:setup:19
misc.c:ssh_get_user_home_dir:209
buffer.c:buffer_add_buffer:359
keys.c:publickey_free:234
buffer.c:ssh_buffer_get_len:410
misc.c:ssh_timestamp_difference:918
threads.c:libcrypto_thread_finalize:112
torture_misc.c:torture_dirname:60
gzip.c:initcompress:38
buffer.c:buffer_add_data:188
dh.c:ssh_print_hexa:228
gzip.c:compress_buffer:103
torture_misc.c:torture_ntohll:75
dh.c:ssh_get_random:88
torture_misc.c:torture_path_expand_tilde_unix:113
torture_misc.c:torture_timeout_update:176
pcap.c:ssh_pcap_context_write:302
buffer.c:buffer_add_u16:261
misc.c:ssh_list_remove:448
misc.c:ssh_dirname:512
poll.c:ssh_poll_cleanup:85
wrapper.c:crypto_free:99
wrapper.c:crypto_new:88
error.c:ssh_set_error:51
misc.c:ssh_list_get_iterator:391
error.c:ssh_get_error:97
threads.c:ssh_threads_finalize:153
buffer.c:buffer_get_rest:397
pcap.c:ssh_pcap_file_write_packet:157
torture_misc.c:torture_path_expand_escape:139
misc.c:gettimeofday:128
buffer.c:realloc_buffer:114
messages.c:ssh_message_free:222
libcrypto.c:hmac_init:112
misc.c:ssh_list_new:370
log.c:ssh_log:76
threads.c:libgcrypt_thread_init:64
poll.c:ssh_poll_init:81

/home/ubuntu-vm/workspace/libssh-0.5.3-temp/tests/unittests/torture_options.c
threads.c:ssh_threads_init:130
dh.c:ssh_crypto_finalize:154
kex.c:tokenize:119
crc32.c:ssh_crc32:81
dh.c:ssh_get_hexa:194
torture_options.c:torture_options_set_host:21
buffer.c:buffer_get_rest_len:425
pcap.c:ssh_pcap_file_write:140
channels.c:ssh_channel_send_eof:1038
misc.c:ssh_get_local_username:236
misc.c:ssh_path_expand_escape:695
buffer.c:buffer_prepend_data:320
misc.c:ssh_list_find:397
torture_options.c:torture_options_set_port:35
misc.c:ssh_list_append:414
init.c:ssh_init:53
buffer.c:buffer_reinit:161
log.c:ssh_log_common:94
misc.c:ssh_list_prepend:429
session.c:ssh_new:55
error.c:ssh_set_error_oom:69
libcrypto.c:hmac_update:139
options.c:ssh_options_set_algo:153
torture_options.c:teardown:17
torture_options.c:torture_options_set_fd:57
pcap.c:ssh_pcap_context_connect:252
buffer.c:buffer_add_u32:242
buffer.c:buffer_shift:142
socket.c:ssh_socket_cleanup:126
socket.c:ssh_socket_init:104
misc.c:ssh_list_free:378
torture_options.c:torture_options_set_user:71
misc.c:ssh_get_user_home_dir:209
session.c:ssh_set_blocking:290
kex.c:verify_existing_algo:461
buffer.c:buffer_add_buffer:359
pcap.c:ssh_pcap_context_free:241
keys.c:publickey_free:234
gzip.c:gzip_compress:59
threads.c:libcrypto_thread_init:95
init.c:ssh_finalize:73
buffer.c:ssh_buffer_get_len:410
threads.c:libcrypto_thread_finalize:112
gzip.c:initcompress:38
buffer.c:buffer_add_data:188
dh.c:ssh_print_hexa:228
gzip.c:compress_buffer:103
options.c:ssh_options_set:348
packet1.c:packet_send1:248
packet.c:ssh_packet_write:435
threads.c:libcrypto_lock_callback:85
packet.c:packet_send2:447
dh.c:ssh_get_random:88
misc.c:ssh_path_expand_tilde:637
buffer.c:ssh_buffer_new:83
dh.c:ssh_crypto_init:113
pcap.c:ssh_pcap_context_write:302
buffer.c:buffer_add_u16:261
misc.c:ssh_list_remove:448
crypt.c:packet_encrypt:100
poll.c:ssh_poll_cleanup:85
channels.c:ssh_channel_close:1082
wrapper.c:crypto_free:99
buffer.c:ssh_buffer_free:99
session.c:ssh_free:159
log.c:do_ssh_log:44
wrapper.c:crypto_new:88
authentication.c:error:100
error.c:ssh_set_error:51
misc.c:ssh_list_get_iterator:391
error.c:ssh_get_error:97
threads.c:ssh_threads_finalize:153
buffer.c:buffer_verify:54
torture_options.c:setup:12
buffer.c:buffer_get_rest:397
pcap.c:ssh_pcap_file_write_packet:157
kex.c:ssh_find_matching:208
channels.c:ssh_channel_free:997
misc.c:gettimeofday:128
buffer.c:ssh_buffer_get_begin:381
buffer.c:realloc_buffer:114
packet.c:packet_send:525
messages.c:ssh_message_free:222
buffer.c:buffer_add_u8:299
libcrypto.c:hmac_init:112
error.c:ssh_set_error_invalid:86
misc.c:ssh_list_new:370
log.c:ssh_log:76
torture_options.c:torture_options_set_identity:108
socket.c:ssh_socket_new:141
wrapper.c:cipher_free:65
torture_options.c:torture_run_tests_1473729914616:122
threads.c:libgcrypt_thread_init:64
poll.c:ssh_poll_init:81
misc.c:ssh_iterator_new:405
libcrypto.c:hmac_final:143

/home/ubuntu-vm/workspace/libssh-0.5.3-temp/tests/unittests/torture_rand.c
pthread.c:ssh_threads_get_pthread:95
threads.c:ssh_threads_init:130
socket.c:ssh_socket_init:104
dh.c:ssh_crypto_finalize:154
torture_rand.c:torture_rand_threading:45
torture_rand.c:teardown:23
torture_rand.c:setup:16
dh.c:ssh_crypto_init:113
torture_rand.c:torture_rand_thread:29
threads.c:libcrypto_thread_init:95
init.c:ssh_finalize:73
poll.c:ssh_poll_cleanup:85
threads.c:libcrypto_thread_finalize:112
init.c:ssh_init:53
torture_rand.c:torture_run_tests_1473729916230:62
threads.c:ssh_threads_set_callbacks:160
threads.c:libcrypto_lock_callback:85
threads.c:libgcrypt_thread_init:64
threads.c:ssh_threads_finalize:153
dh.c:ssh_get_random:88
poll.c:ssh_poll_init:81
socket.c:ssh_socket_cleanup:126
Finished in 14.054 seconds