__bswap_32:
__uint64_t:
__bswap_32:
__uint64_t:
__bswap_32:
__uint64_t:
server_set_kex:
SSH_PACKET_CALLBACK:
dh_handshake_server:
ssh_server_connection_callback:def(WITH_SSH1);!def(WITH_SSH1);
callback_receive_banner:def(WITH_PCAP);
ssh_handle_key_exchange:
ssh_message_auth_reply_default:
ssh_message_channel_request_open_reply_default:
ssh_message_channel_request_reply_default:
ssh_message_service_request_reply_default:
ssh_message_service_reply_success:
ssh_message_global_request_reply_success:
ssh_message_global_request_reply_default:
ssh_message_reply_default:
ssh_message_service_service:
ssh_message_auth_user:
ssh_message_auth_password:
ssh_public_key:
ssh_publickey_state_e:
ssh_message_auth_set_methods:
ssh_message_auth_reply_success:
ssh_message_auth_reply_pk_ok:
ssh_message_auth_reply_pk_ok_simple:
ssh_message_channel_request_open_originator:
ssh_message_channel_request_open_originator_port:
ssh_message_channel_request_open_destination:
ssh_message_channel_request_open_destination_port:
ssh_channel:
ssh_message_channel_request_pty_term:
ssh_message_channel_request_pty_width:
ssh_message_channel_request_pty_height:
ssh_message_channel_request_pty_pxwidth:
ssh_message_channel_request_pty_pxheight:
ssh_message_channel_request_env_name:
ssh_message_channel_request_env_value:
ssh_message_channel_request_command:
ssh_message_channel_request_subsystem:
ssh_message_global_request_address:
ssh_message_global_request_port:
ssh_set_message_callback:
ssh_execute_message_callbacks:
