__bswap_32:
__uint64_t:
__bswap_32:
__uint64_t:
__bswap_32:
__uint64_t:
__bswap_32:
__uint64_t:
__bswap_32:
__uint64_t:
__bswap_32:
__uint64_t:
__bswap_32:
__uint64_t:
sftp_ext:def(WITH_SFTP);
sftp_ext_free:def(WITH_SFTP);
sftp_session:def(WITH_SFTP);
sftp_session:(def(WITH_SERVER)&def(WITH_SFTP));
sftp_server_init:(def(WITH_SERVER)&def(WITH_SFTP));
sftp_free:def(WITH_SFTP);
sftp_packet_write:def(WITH_SFTP);
sftp_packet:def(WITH_SFTP);
sftp_set_error:def(WITH_SFTP);
sftp_get_error:def(WITH_SFTP);
sftp_message:def(WITH_SFTP);
sftp_message_free:def(WITH_SFTP);
sftp_message:def(WITH_SFTP);
sftp_read_and_dispatch:def(WITH_SFTP);
sftp_packet_free:def(WITH_SFTP);
sftp_init:def(WITH_SFTP);
sftp_extensions_get_count:def(WITH_SFTP);
sftp_extensions_get_name:def(WITH_SFTP);
sftp_extensions_get_data:def(WITH_SFTP);
sftp_extension_supported:def(WITH_SFTP);
sftp_request_queue:def(WITH_SFTP);
request_queue_free:def(WITH_SFTP);
sftp_enqueue:def(WITH_SFTP);
sftp_message:def(WITH_SFTP);
uint32_t:def(WITH_SFTP);
sftp_status_message:def(WITH_SFTP);
status_msg_free:def(WITH_SFTP);
sftp_file:def(WITH_SFTP);
sftp_dir:def(WITH_SFTP);
sftp_attributes:def(WITH_SFTP);
sftp_parse_longname:def(WITH_SFTP);
sftp_attributes:def(WITH_SFTP);
buffer_add_attributes:def(WITH_SFTP);
sftp_attributes:def(WITH_SFTP);
sftp_server_version:def(WITH_SFTP);
sftp_attributes:def(WITH_SFTP);
sftp_dir_eof:def(WITH_SFTP);
sftp_attributes_free:def(WITH_SFTP);
sftp_handle_close:def(WITH_SFTP);
sftp_close:def(WITH_SFTP);
sftp_closedir:def(WITH_SFTP);
sftp_file:def(WITH_SFTP);
sftp_file_set_nonblocking:def(WITH_SFTP);
sftp_file_set_blocking:def(WITH_SFTP);
ssize_t:def(WITH_SFTP);
sftp_async_read_begin:def(WITH_SFTP);
sftp_async_read:def(WITH_SFTP);
ssize_t:def(WITH_SFTP);
sftp_seek:def(WITH_SFTP);
sftp_seek64:def(WITH_SFTP);
sftp_tell:def(WITH_SFTP);
uint64_t:def(WITH_SFTP);
sftp_rewind:def(WITH_SFTP);
sftp_unlink:def(WITH_SFTP);
sftp_rmdir:def(WITH_SFTP);
sftp_mkdir:def(WITH_SFTP);
sftp_rename:def(WITH_SFTP);
sftp_setstat:def(WITH_SFTP);
sftp_chown:def(WITH_SFTP);
sftp_chmod:def(WITH_SFTP);
sftp_utimes:def(WITH_SFTP);
sftp_symlink:def(WITH_SFTP);
sftp_readlink:def(WITH_SFTP);
sftp_statvfs_t:def(WITH_SFTP);
sftp_statvfs_t:def(WITH_SFTP);
sftp_statvfs_t:def(WITH_SFTP);
sftp_statvfs_free:def(WITH_SFTP);
sftp_canonicalize_path:def(WITH_SFTP);
sftp_attributes:def(WITH_SFTP);
sftp_attributes:def(WITH_SFTP);
sftp_attributes:def(WITH_SFTP);
sftp_attributes:def(WITH_SFTP);
