__bswap_32:
__uint64_t:
__bswap_32:
__uint64_t:
__bswap_32:
__uint64_t:
__bswap_32:
__uint64_t:
ssh_socket_init:
ssh_socket_cleanup:
ssh_socket:
ssh_socket_reset:
ssh_socket_set_callbacks:
ssh_socket_pollcallback:
ssh_poll_handle:
ssh_poll_handle:
ssh_socket_free:
ssh_socket_unix:
ssh_socket_close:
ssh_socket_set_fd:
ssh_socket_set_fd_in:
ssh_socket_set_fd_out:
socket_t:
ssh_socket_is_open:
ssh_socket_unbuffered_read:
ssh_socket_unbuffered_write:
ssh_socket_fd_isset:
ssh_socket_fd_set:
ssh_socket_write:
ssh_socket_nonblocking_flush:
ssh_socket_set_write_wontblock:
ssh_socket_set_read_wontblock:
ssh_socket_set_except:
ssh_socket_data_available:
ssh_socket_data_writable:
ssh_socket_buffered_write_bytes:
ssh_socket_get_status:
ssh_socket_set_connecting:
ssh_socket_connect:
ssh_execute_command:
ssh_socket_connect_proxycommand:
